<?xml version="1.0" encoding="UTF-8"?>
<testng-results ignored="0" total="1" passed="1" failed="0" skipped="0">
  <reporter-output>
  </reporter-output>
  <suite started-at="2023-12-30T08:42:03 IST" name="Default suite" finished-at="2023-12-30T08:42:30 IST" duration-ms="26630">
    <groups>
    </groups>
    <test started-at="2023-12-30T08:42:03 IST" name="Default test" finished-at="2023-12-30T08:42:30 IST" duration-ms="26630">
      <class name="test.SamKids_test">
        <test-method is-config="true" signature="setup()[pri:0, instance:test.SamKids_test@117159c0]" started-at="2023-12-30T08:42:03 IST" name="setup" finished-at="2023-12-30T08:42:06 IST" duration-ms="2190" status="PASS">
          <reporter-output>
          </reporter-output>
        </test-method> <!-- setup -->
        <test-method is-config="true" signature="URL()[pri:0, instance:test.SamKids_test@117159c0]" started-at="2023-12-30T08:42:06 IST" name="URL" finished-at="2023-12-30T08:42:17 IST" duration-ms="11320" status="PASS">
          <reporter-output>
          </reporter-output>
        </test-method> <!-- URL -->
        <test-method signature="test()[pri:0, instance:test.SamKids_test@117159c0]" started-at="2023-12-30T08:42:17 IST" name="test" finished-at="2023-12-30T08:42:30 IST" duration-ms="12654" status="PASS">
          <reporter-output>
          </reporter-output>
        </test-method> <!-- test -->
        <test-method is-config="true" signature="tearDown()[pri:0, instance:test.SamKids_test@117159c0]" started-at="2023-12-30T08:42:30 IST" name="tearDown" finished-at="2023-12-30T08:42:30 IST" duration-ms="433" status="PASS">
          <reporter-output>
          </reporter-output>
        </test-method> <!-- tearDown -->
      </class> <!-- test.SamKids_test -->
    </test> <!-- Default test -->
  </suite> <!-- Default suite -->
</testng-results>
